<?xml version="1.0" encoding="UTF-8"?>
<!-- Generated by org.testng.reporters.JUnitReportReporter -->
<testsuite skipped="0" hostname="LENOVO" name="All_Functionalitys.Crypto_Sell" tests="1" failures="0" timestamp="02 Jun 2020 18:15:35 GMT" time="62.245" errors="0">
  <testcase name="Gift_Card" time="62.245" classname="All_Functionalitys.Crypto_Sell"/>
</testsuite> <!-- All_Functionalitys.Crypto_Sell -->
