<?xml version="1.0" encoding="UTF-8"?>
<!-- Generated by org.testng.reporters.JUnitReportReporter -->
<testsuite skipped="0" hostname="LENOVO" name="All_Functionalitys.Create_Certificate" tests="1" failures="0" timestamp="02 Jun 2020 13:55:58 GMT" time="59.449" errors="0">
  <testcase name="Gift_Card" time="59.449" classname="All_Functionalitys.Create_Certificate"/>
</testsuite> <!-- All_Functionalitys.Create_Certificate -->
