<?xml version="1.0" encoding="UTF-8"?>
<!-- Generated by org.testng.reporters.JUnitReportReporter -->
<testsuite skipped="0" hostname="LENOVO" name="All_Functionalitys.creategiftcard" tests="1" failures="0" timestamp="02 Jun 2020 18:12:00 GMT" time="85.070" errors="0">
  <testcase name="Gift_Card" time="85.070" classname="All_Functionalitys.creategiftcard"/>
</testsuite> <!-- All_Functionalitys.creategiftcard -->
