<?xml version="1.0" encoding="UTF-8"?>
<!-- Generated by org.testng.reporters.JUnitReportReporter -->
<testsuite skipped="0" hostname="LENOVO" name="All_Functionalitys.Crypto_Buy" tests="1" failures="0" timestamp="02 Jun 2020 18:02:57 GMT" time="81.652" errors="0">
  <testcase name="Gift_Card" time="81.652" classname="All_Functionalitys.Crypto_Buy"/>
</testsuite> <!-- All_Functionalitys.Crypto_Buy -->
